{"/Users/jakobgaardandersen/WebstormProjects/hyber1z0r/server/app.js":{"path":"/Users/jakobgaardandersen/WebstormProjects/hyber1z0r/server/app.js","s":{"1":1,"2":1,"3":1,"4":1,"5":1,"6":1,"7":1,"8":1,"9":1,"10":1,"11":1,"12":1,"13":1,"14":1,"15":1,"16":1,"17":1,"18":1,"19":1,"20":1,"21":1,"22":1,"23":2,"24":2,"25":2,"26":1,"27":1,"28":2,"29":2,"30":1,"31":0,"32":0,"33":1},"b":{"1":[1,0],"2":[2,0],"3":[0,0]},"f":{"1":2,"2":2,"3":0},"fnMap":{"1":{"name":"(anonymous_1)","line":31,"loc":{"start":{"line":31,"column":8},"end":{"line":31,"column":34}}},"2":{"name":"(anonymous_2)","line":42,"loc":{"start":{"line":42,"column":12},"end":{"line":42,"column":43}}},"3":{"name":"(anonymous_3)","line":53,"loc":{"start":{"line":53,"column":8},"end":{"line":53,"column":39}}}},"statementMap":{"1":{"start":{"line":1,"column":0},"end":{"line":1,"column":33}},"2":{"start":{"line":2,"column":0},"end":{"line":2,"column":27}},"3":{"start":{"line":3,"column":0},"end":{"line":3,"column":39}},"4":{"start":{"line":4,"column":0},"end":{"line":4,"column":31}},"5":{"start":{"line":5,"column":0},"end":{"line":5,"column":44}},"6":{"start":{"line":6,"column":0},"end":{"line":6,"column":40}},"7":{"start":{"line":7,"column":0},"end":{"line":7,"column":22}},"8":{"start":{"line":8,"column":0},"end":{"line":8,"column":39}},"9":{"start":{"line":9,"column":0},"end":{"line":9,"column":36}},"10":{"start":{"line":11,"column":0},"end":{"line":11,"column":20}},"11":{"start":{"line":14,"column":0},"end":{"line":14,"column":48}},"12":{"start":{"line":15,"column":0},"end":{"line":15,"column":31}},"13":{"start":{"line":16,"column":0},"end":{"line":16,"column":25}},"14":{"start":{"line":20,"column":0},"end":{"line":20,"column":23}},"15":{"start":{"line":21,"column":0},"end":{"line":21,"column":27}},"16":{"start":{"line":22,"column":0},"end":{"line":22,"column":50}},"17":{"start":{"line":23,"column":0},"end":{"line":23,"column":24}},"18":{"start":{"line":24,"column":0},"end":{"line":24,"column":59}},"19":{"start":{"line":25,"column":0},"end":{"line":25,"column":63}},"20":{"start":{"line":27,"column":0},"end":{"line":27,"column":21}},"21":{"start":{"line":28,"column":0},"end":{"line":28,"column":22}},"22":{"start":{"line":31,"column":0},"end":{"line":35,"column":3}},"23":{"start":{"line":32,"column":4},"end":{"line":32,"column":37}},"24":{"start":{"line":33,"column":4},"end":{"line":33,"column":21}},"25":{"start":{"line":34,"column":4},"end":{"line":34,"column":14}},"26":{"start":{"line":41,"column":0},"end":{"line":49,"column":1}},"27":{"start":{"line":42,"column":4},"end":{"line":48,"column":7}},"28":{"start":{"line":43,"column":8},"end":{"line":43,"column":38}},"29":{"start":{"line":44,"column":8},"end":{"line":47,"column":11}},"30":{"start":{"line":53,"column":0},"end":{"line":59,"column":3}},"31":{"start":{"line":54,"column":4},"end":{"line":54,"column":34}},"32":{"start":{"line":55,"column":4},"end":{"line":58,"column":7}},"33":{"start":{"line":62,"column":0},"end":{"line":62,"column":21}}},"branchMap":{"1":{"line":41,"type":"if","locations":[{"start":{"line":41,"column":0},"end":{"line":41,"column":0}},{"start":{"line":41,"column":0},"end":{"line":41,"column":0}}]},"2":{"line":43,"type":"binary-expr","locations":[{"start":{"line":43,"column":19},"end":{"line":43,"column":29}},{"start":{"line":43,"column":33},"end":{"line":43,"column":36}}]},"3":{"line":54,"type":"binary-expr","locations":[{"start":{"line":54,"column":15},"end":{"line":54,"column":25}},{"start":{"line":54,"column":29},"end":{"line":54,"column":32}}]}}},"/Users/jakobgaardandersen/WebstormProjects/hyber1z0r/server/model/db.js":{"path":"/Users/jakobgaardandersen/WebstormProjects/hyber1z0r/server/model/db.js","s":{"1":1,"2":1,"3":1,"4":1,"5":1,"6":1,"7":1,"8":1,"9":1,"10":1,"11":0,"12":0,"13":1,"14":0,"15":1,"16":0,"17":0,"18":0,"19":1,"20":1,"21":1},"b":{"1":[1,0]},"f":{"1":1,"2":0,"3":0,"4":0,"5":0},"fnMap":{"1":{"name":"(anonymous_1)","line":13,"loc":{"start":{"line":13,"column":36},"end":{"line":13,"column":48}}},"2":{"name":"(anonymous_2)","line":17,"loc":{"start":{"line":17,"column":32},"end":{"line":17,"column":47}}},"3":{"name":"(anonymous_3)","line":22,"loc":{"start":{"line":22,"column":39},"end":{"line":22,"column":51}}},"4":{"name":"(anonymous_4)","line":26,"loc":{"start":{"line":26,"column":21},"end":{"line":26,"column":33}}},"5":{"name":"(anonymous_5)","line":27,"loc":{"start":{"line":27,"column":30},"end":{"line":27,"column":42}}}},"statementMap":{"1":{"start":{"line":1,"column":0},"end":{"line":1,"column":35}},"2":{"start":{"line":2,"column":0},"end":{"line":2,"column":53}},"3":{"start":{"line":3,"column":0},"end":{"line":3,"column":29}},"4":{"start":{"line":4,"column":0},"end":{"line":4,"column":44}},"5":{"start":{"line":7,"column":0},"end":{"line":9,"column":1}},"6":{"start":{"line":8,"column":4},"end":{"line":8,"column":33}},"7":{"start":{"line":11,"column":0},"end":{"line":11,"column":24}},"8":{"start":{"line":13,"column":0},"end":{"line":15,"column":3}},"9":{"start":{"line":14,"column":4},"end":{"line":14,"column":57}},"10":{"start":{"line":17,"column":0},"end":{"line":20,"column":3}},"11":{"start":{"line":18,"column":4},"end":{"line":18,"column":57}},"12":{"start":{"line":19,"column":4},"end":{"line":19,"column":53}},"13":{"start":{"line":22,"column":0},"end":{"line":24,"column":3}},"14":{"start":{"line":23,"column":4},"end":{"line":23,"column":41}},"15":{"start":{"line":26,"column":0},"end":{"line":31,"column":3}},"16":{"start":{"line":27,"column":4},"end":{"line":30,"column":7}},"17":{"start":{"line":28,"column":8},"end":{"line":28,"column":69}},"18":{"start":{"line":29,"column":8},"end":{"line":29,"column":24}},"19":{"start":{"line":34,"column":0},"end":{"line":43,"column":3}},"20":{"start":{"line":45,"column":0},"end":{"line":45,"column":37}},"21":{"start":{"line":47,"column":0},"end":{"line":47,"column":59}}},"branchMap":{"1":{"line":7,"type":"if","locations":[{"start":{"line":7,"column":0},"end":{"line":7,"column":0}},{"start":{"line":7,"column":0},"end":{"line":7,"column":0}}]}}},"/Users/jakobgaardandersen/WebstormProjects/hyber1z0r/server/routes/index.js":{"path":"/Users/jakobgaardandersen/WebstormProjects/hyber1z0r/server/routes/index.js","s":{"1":1,"2":1,"3":1,"4":0,"5":1},"b":{},"f":{"1":0},"fnMap":{"1":{"name":"(anonymous_1)","line":5,"loc":{"start":{"line":5,"column":16},"end":{"line":5,"column":36}}}},"statementMap":{"1":{"start":{"line":1,"column":0},"end":{"line":1,"column":33}},"2":{"start":{"line":2,"column":0},"end":{"line":2,"column":30}},"3":{"start":{"line":5,"column":0},"end":{"line":7,"column":3}},"4":{"start":{"line":6,"column":4},"end":{"line":6,"column":35}},"5":{"start":{"line":9,"column":0},"end":{"line":9,"column":24}}},"branchMap":{}},"/Users/jakobgaardandersen/WebstormProjects/hyber1z0r/server/routes/rest.js":{"path":"/Users/jakobgaardandersen/WebstormProjects/hyber1z0r/server/routes/rest.js","s":{"1":1,"2":1,"3":1,"4":1,"5":3,"6":3,"7":3,"8":2,"9":1,"10":1,"11":4,"12":4,"13":4,"14":2,"15":2,"16":1,"17":4,"18":4,"19":4,"20":1,"21":3,"22":1,"23":1,"24":1,"25":0,"26":1,"27":1,"28":4,"29":4,"30":4,"31":1,"32":3,"33":1,"34":7,"35":7,"36":7,"37":7,"38":1,"39":6,"40":1,"41":2,"42":2,"43":2,"44":2,"45":0,"46":2,"47":1},"b":{"1":[2,1],"2":[2,0],"3":[2,2],"4":[2,0],"5":[1,3],"6":[1,0],"7":[0,1],"8":[0,0],"9":[1,3],"10":[1,0],"11":[1,6],"12":[1,0],"13":[0,2],"14":[0,2],"15":[0,0]},"f":{"1":3,"2":3,"3":4,"4":4,"5":4,"6":4,"7":1,"8":1,"9":4,"10":4,"11":7,"12":7,"13":2,"14":2},"fnMap":{"1":{"name":"(anonymous_1)","line":8,"loc":{"start":{"line":8,"column":29},"end":{"line":8,"column":49}}},"2":{"name":"(anonymous_2)","line":10,"loc":{"start":{"line":10,"column":32},"end":{"line":10,"column":58}}},"3":{"name":"(anonymous_3)","line":18,"loc":{"start":{"line":18,"column":31},"end":{"line":18,"column":51}}},"4":{"name":"(anonymous_4)","line":20,"loc":{"start":{"line":20,"column":38},"end":{"line":20,"column":65}}},"5":{"name":"(anonymous_5)","line":28,"loc":{"start":{"line":28,"column":25},"end":{"line":28,"column":45}}},"6":{"name":"(anonymous_6)","line":30,"loc":{"start":{"line":30,"column":41},"end":{"line":30,"column":68}}},"7":{"name":"(anonymous_7)","line":38,"loc":{"start":{"line":38,"column":24},"end":{"line":38,"column":44}}},"8":{"name":"(anonymous_8)","line":39,"loc":{"start":{"line":39,"column":37},"end":{"line":39,"column":64}}},"9":{"name":"(anonymous_9)","line":47,"loc":{"start":{"line":47,"column":29},"end":{"line":47,"column":49}}},"10":{"name":"(anonymous_10)","line":49,"loc":{"start":{"line":49,"column":51},"end":{"line":49,"column":78}}},"11":{"name":"(anonymous_11)","line":57,"loc":{"start":{"line":57,"column":35},"end":{"line":57,"column":55}}},"12":{"name":"(anonymous_12)","line":60,"loc":{"start":{"line":60,"column":38},"end":{"line":60,"column":65}}},"13":{"name":"(anonymous_13)","line":68,"loc":{"start":{"line":68,"column":29},"end":{"line":68,"column":49}}},"14":{"name":"(anonymous_14)","line":71,"loc":{"start":{"line":71,"column":32},"end":{"line":71,"column":59}}}},"statementMap":{"1":{"start":{"line":4,"column":0},"end":{"line":4,"column":33}},"2":{"start":{"line":5,"column":0},"end":{"line":5,"column":30}},"3":{"start":{"line":6,"column":0},"end":{"line":6,"column":48}},"4":{"start":{"line":8,"column":0},"end":{"line":16,"column":3}},"5":{"start":{"line":9,"column":4},"end":{"line":9,"column":27}},"6":{"start":{"line":10,"column":4},"end":{"line":15,"column":7}},"7":{"start":{"line":11,"column":8},"end":{"line":13,"column":9}},"8":{"start":{"line":12,"column":12},"end":{"line":12,"column":59}},"9":{"start":{"line":14,"column":8},"end":{"line":14,"column":28}},"10":{"start":{"line":18,"column":0},"end":{"line":26,"column":3}},"11":{"start":{"line":19,"column":4},"end":{"line":19,"column":43}},"12":{"start":{"line":20,"column":4},"end":{"line":25,"column":7}},"13":{"start":{"line":21,"column":8},"end":{"line":23,"column":9}},"14":{"start":{"line":22,"column":12},"end":{"line":22,"column":59}},"15":{"start":{"line":24,"column":8},"end":{"line":24,"column":29}},"16":{"start":{"line":28,"column":0},"end":{"line":36,"column":3}},"17":{"start":{"line":29,"column":4},"end":{"line":29,"column":41}},"18":{"start":{"line":30,"column":4},"end":{"line":35,"column":7}},"19":{"start":{"line":31,"column":8},"end":{"line":33,"column":9}},"20":{"start":{"line":32,"column":12},"end":{"line":32,"column":59}},"21":{"start":{"line":34,"column":8},"end":{"line":34,"column":29}},"22":{"start":{"line":38,"column":0},"end":{"line":45,"column":3}},"23":{"start":{"line":39,"column":4},"end":{"line":44,"column":7}},"24":{"start":{"line":40,"column":8},"end":{"line":42,"column":9}},"25":{"start":{"line":41,"column":12},"end":{"line":41,"column":59}},"26":{"start":{"line":43,"column":8},"end":{"line":43,"column":29}},"27":{"start":{"line":47,"column":0},"end":{"line":55,"column":3}},"28":{"start":{"line":48,"column":4},"end":{"line":48,"column":47}},"29":{"start":{"line":49,"column":4},"end":{"line":54,"column":7}},"30":{"start":{"line":50,"column":8},"end":{"line":52,"column":9}},"31":{"start":{"line":51,"column":12},"end":{"line":51,"column":59}},"32":{"start":{"line":53,"column":8},"end":{"line":53,"column":29}},"33":{"start":{"line":57,"column":0},"end":{"line":66,"column":3}},"34":{"start":{"line":58,"column":4},"end":{"line":58,"column":31}},"35":{"start":{"line":59,"column":4},"end":{"line":59,"column":33}},"36":{"start":{"line":60,"column":4},"end":{"line":65,"column":7}},"37":{"start":{"line":61,"column":8},"end":{"line":63,"column":9}},"38":{"start":{"line":62,"column":12},"end":{"line":62,"column":59}},"39":{"start":{"line":64,"column":8},"end":{"line":64,"column":29}},"40":{"start":{"line":68,"column":0},"end":{"line":77,"column":3}},"41":{"start":{"line":69,"column":4},"end":{"line":69,"column":33}},"42":{"start":{"line":70,"column":4},"end":{"line":70,"column":39}},"43":{"start":{"line":71,"column":4},"end":{"line":76,"column":7}},"44":{"start":{"line":72,"column":8},"end":{"line":74,"column":9}},"45":{"start":{"line":73,"column":12},"end":{"line":73,"column":59}},"46":{"start":{"line":75,"column":8},"end":{"line":75,"column":29}},"47":{"start":{"line":79,"column":0},"end":{"line":79,"column":24}}},"branchMap":{"1":{"line":11,"type":"if","locations":[{"start":{"line":11,"column":8},"end":{"line":11,"column":8}},{"start":{"line":11,"column":8},"end":{"line":11,"column":8}}]},"2":{"line":12,"type":"binary-expr","locations":[{"start":{"line":12,"column":30},"end":{"line":12,"column":40}},{"start":{"line":12,"column":44},"end":{"line":12,"column":47}}]},"3":{"line":21,"type":"if","locations":[{"start":{"line":21,"column":8},"end":{"line":21,"column":8}},{"start":{"line":21,"column":8},"end":{"line":21,"column":8}}]},"4":{"line":22,"type":"binary-expr","locations":[{"start":{"line":22,"column":30},"end":{"line":22,"column":40}},{"start":{"line":22,"column":44},"end":{"line":22,"column":47}}]},"5":{"line":31,"type":"if","locations":[{"start":{"line":31,"column":8},"end":{"line":31,"column":8}},{"start":{"line":31,"column":8},"end":{"line":31,"column":8}}]},"6":{"line":32,"type":"binary-expr","locations":[{"start":{"line":32,"column":30},"end":{"line":32,"column":40}},{"start":{"line":32,"column":44},"end":{"line":32,"column":47}}]},"7":{"line":40,"type":"if","locations":[{"start":{"line":40,"column":8},"end":{"line":40,"column":8}},{"start":{"line":40,"column":8},"end":{"line":40,"column":8}}]},"8":{"line":41,"type":"binary-expr","locations":[{"start":{"line":41,"column":30},"end":{"line":41,"column":40}},{"start":{"line":41,"column":44},"end":{"line":41,"column":47}}]},"9":{"line":50,"type":"if","locations":[{"start":{"line":50,"column":8},"end":{"line":50,"column":8}},{"start":{"line":50,"column":8},"end":{"line":50,"column":8}}]},"10":{"line":51,"type":"binary-expr","locations":[{"start":{"line":51,"column":30},"end":{"line":51,"column":40}},{"start":{"line":51,"column":44},"end":{"line":51,"column":47}}]},"11":{"line":61,"type":"if","locations":[{"start":{"line":61,"column":8},"end":{"line":61,"column":8}},{"start":{"line":61,"column":8},"end":{"line":61,"column":8}}]},"12":{"line":62,"type":"binary-expr","locations":[{"start":{"line":62,"column":30},"end":{"line":62,"column":40}},{"start":{"line":62,"column":44},"end":{"line":62,"column":47}}]},"13":{"line":70,"type":"cond-expr","locations":[{"start":{"line":70,"column":26},"end":{"line":70,"column":30}},{"start":{"line":70,"column":33},"end":{"line":70,"column":38}}]},"14":{"line":72,"type":"if","locations":[{"start":{"line":72,"column":8},"end":{"line":72,"column":8}},{"start":{"line":72,"column":8},"end":{"line":72,"column":8}}]},"15":{"line":73,"type":"binary-expr","locations":[{"start":{"line":73,"column":30},"end":{"line":73,"column":40}},{"start":{"line":73,"column":44},"end":{"line":73,"column":47}}]}}},"/Users/jakobgaardandersen/WebstormProjects/hyber1z0r/server/model/datasource.js":{"path":"/Users/jakobgaardandersen/WebstormProjects/hyber1z0r/server/model/datasource.js","s":{"1":1,"2":1,"3":1,"4":1,"5":7,"6":1,"7":1,"8":1,"9":1,"10":6,"11":6,"12":0,"13":0,"14":6,"15":2,"16":2,"17":2,"18":2,"19":4,"20":4,"21":4,"22":0,"23":4,"24":1,"25":8,"26":8,"27":2,"28":2,"29":2,"30":2,"31":6,"32":6,"33":0,"34":6,"35":2,"36":2,"37":2,"38":2,"39":4,"40":1,"41":17,"42":17,"43":17,"44":1,"45":1,"46":1,"47":1,"48":16,"49":8,"50":6,"51":9,"52":2,"53":8,"54":8,"55":8,"56":8,"57":6,"58":9,"59":2,"60":8,"61":8,"62":8,"63":16,"64":16,"65":16,"66":0,"67":16,"68":2,"69":14,"70":1,"71":12,"72":2,"73":2,"74":2,"75":2,"76":10,"77":4,"78":10,"79":10,"80":0,"81":10,"82":1,"83":4,"84":1,"85":4,"86":4,"87":0,"88":4,"89":1,"90":2,"91":2,"92":0,"93":2,"94":1},"b":{"1":[1,6],"2":[0,6],"3":[2,4],"4":[0,4],"5":[2,6],"6":[0,6],"7":[2,4],"8":[1,16],"9":[8,8],"10":[6,2],"11":[6,2],"12":[6,2],"13":[0,16],"14":[2,14],"15":[2,10],"16":[12,11],"17":[4,6],"18":[10,6],"19":[0,10],"20":[1,3],"21":[4,2],"22":[0,4],"23":[0,2]},"f":{"1":7,"2":6,"3":4,"4":8,"5":6,"6":17,"7":9,"8":9,"9":16,"10":12,"11":10,"12":4,"13":4,"14":2,"15":2},"fnMap":{"1":{"name":"getWallpaper","line":9,"loc":{"start":{"line":9,"column":0},"end":{"line":9,"column":36}}},"2":{"name":"(anonymous_2)","line":17,"loc":{"start":{"line":17,"column":27},"end":{"line":17,"column":46}}},"3":{"name":"(anonymous_3)","line":29,"loc":{"start":{"line":29,"column":20},"end":{"line":29,"column":35}}},"4":{"name":"getWpByRes","line":40,"loc":{"start":{"line":40,"column":0},"end":{"line":40,"column":35}}},"5":{"name":"(anonymous_5)","line":48,"loc":{"start":{"line":48,"column":65},"end":{"line":48,"column":85}}},"6":{"name":"searchField","line":63,"loc":{"start":{"line":63,"column":0},"end":{"line":63,"column":46}}},"7":{"name":"(anonymous_7)","line":75,"loc":{"start":{"line":75,"column":52},"end":{"line":75,"column":65}}},"8":{"name":"(anonymous_8)","line":84,"loc":{"start":{"line":84,"column":48},"end":{"line":84,"column":61}}},"9":{"name":"(anonymous_9)","line":93,"loc":{"start":{"line":93,"column":26},"end":{"line":93,"column":46}}},"10":{"name":"getSorted","line":105,"loc":{"start":{"line":105,"column":0},"end":{"line":105,"column":42}}},"11":{"name":"(anonymous_11)","line":115,"loc":{"start":{"line":115,"column":61},"end":{"line":115,"column":81}}},"12":{"name":"getRandom","line":124,"loc":{"start":{"line":124,"column":0},"end":{"line":124,"column":36}}},"13":{"name":"(anonymous_13)","line":128,"loc":{"start":{"line":128,"column":55},"end":{"line":128,"column":75}}},"14":{"name":"getDistinctCategories","line":137,"loc":{"start":{"line":137,"column":0},"end":{"line":137,"column":41}}},"15":{"name":"(anonymous_15)","line":138,"loc":{"start":{"line":138,"column":47},"end":{"line":138,"column":68}}}},"statementMap":{"1":{"start":{"line":4,"column":0},"end":{"line":4,"column":35}},"2":{"start":{"line":5,"column":0},"end":{"line":5,"column":44}},"3":{"start":{"line":6,"column":0},"end":{"line":6,"column":30}},"4":{"start":{"line":9,"column":0},"end":{"line":38,"column":1}},"5":{"start":{"line":11,"column":4},"end":{"line":16,"column":5}},"6":{"start":{"line":12,"column":8},"end":{"line":12,"column":32}},"7":{"start":{"line":13,"column":8},"end":{"line":13,"column":46}},"8":{"start":{"line":14,"column":8},"end":{"line":14,"column":27}},"9":{"start":{"line":15,"column":8},"end":{"line":15,"column":31}},"10":{"start":{"line":17,"column":4},"end":{"line":37,"column":7}},"11":{"start":{"line":18,"column":8},"end":{"line":36,"column":9}},"12":{"start":{"line":19,"column":12},"end":{"line":19,"column":29}},"13":{"start":{"line":20,"column":12},"end":{"line":20,"column":26}},"14":{"start":{"line":22,"column":13},"end":{"line":36,"column":9}},"15":{"start":{"line":23,"column":12},"end":{"line":23,"column":32}},"16":{"start":{"line":24,"column":12},"end":{"line":24,"column":49}},"17":{"start":{"line":25,"column":12},"end":{"line":25,"column":27}},"18":{"start":{"line":26,"column":12},"end":{"line":26,"column":24}},"19":{"start":{"line":28,"column":12},"end":{"line":28,"column":23}},"20":{"start":{"line":29,"column":12},"end":{"line":35,"column":15}},"21":{"start":{"line":30,"column":16},"end":{"line":34,"column":17}},"22":{"start":{"line":31,"column":20},"end":{"line":31,"column":34}},"23":{"start":{"line":33,"column":20},"end":{"line":33,"column":39}},"24":{"start":{"line":40,"column":0},"end":{"line":60,"column":1}},"25":{"start":{"line":41,"column":4},"end":{"line":41,"column":55}},"26":{"start":{"line":42,"column":4},"end":{"line":47,"column":5}},"27":{"start":{"line":43,"column":8},"end":{"line":43,"column":28}},"28":{"start":{"line":44,"column":8},"end":{"line":44,"column":54}},"29":{"start":{"line":45,"column":8},"end":{"line":45,"column":23}},"30":{"start":{"line":46,"column":8},"end":{"line":46,"column":27}},"31":{"start":{"line":48,"column":4},"end":{"line":59,"column":7}},"32":{"start":{"line":49,"column":8},"end":{"line":58,"column":9}},"33":{"start":{"line":50,"column":12},"end":{"line":50,"column":26}},"34":{"start":{"line":51,"column":15},"end":{"line":58,"column":9}},"35":{"start":{"line":52,"column":12},"end":{"line":52,"column":32}},"36":{"start":{"line":53,"column":12},"end":{"line":53,"column":57}},"37":{"start":{"line":54,"column":12},"end":{"line":54,"column":27}},"38":{"start":{"line":55,"column":12},"end":{"line":55,"column":24}},"39":{"start":{"line":57,"column":12},"end":{"line":57,"column":32}},"40":{"start":{"line":63,"column":0},"end":{"line":102,"column":1}},"41":{"start":{"line":64,"column":4},"end":{"line":64,"column":19}},"42":{"start":{"line":65,"column":4},"end":{"line":65,"column":10}},"43":{"start":{"line":66,"column":4},"end":{"line":71,"column":5}},"44":{"start":{"line":67,"column":8},"end":{"line":67,"column":32}},"45":{"start":{"line":68,"column":8},"end":{"line":68,"column":48}},"46":{"start":{"line":69,"column":8},"end":{"line":69,"column":27}},"47":{"start":{"line":70,"column":8},"end":{"line":70,"column":31}},"48":{"start":{"line":72,"column":4},"end":{"line":91,"column":5}},"49":{"start":{"line":74,"column":12},"end":{"line":78,"column":13}},"50":{"start":{"line":75,"column":16},"end":{"line":75,"column":94}},"51":{"start":{"line":75,"column":66},"end":{"line":75,"column":89}},"52":{"start":{"line":77,"column":16},"end":{"line":77,"column":70}},"53":{"start":{"line":79,"column":12},"end":{"line":79,"column":28}},"54":{"start":{"line":80,"column":12},"end":{"line":80,"column":55}},"55":{"start":{"line":81,"column":12},"end":{"line":81,"column":18}},"56":{"start":{"line":83,"column":12},"end":{"line":87,"column":13}},"57":{"start":{"line":84,"column":16},"end":{"line":84,"column":90}},"58":{"start":{"line":84,"column":62},"end":{"line":84,"column":85}},"59":{"start":{"line":86,"column":16},"end":{"line":86,"column":66}},"60":{"start":{"line":88,"column":12},"end":{"line":88,"column":56}},"61":{"start":{"line":89,"column":12},"end":{"line":89,"column":99}},"62":{"start":{"line":90,"column":12},"end":{"line":90,"column":18}},"63":{"start":{"line":92,"column":4},"end":{"line":92,"column":19}},"64":{"start":{"line":93,"column":4},"end":{"line":101,"column":7}},"65":{"start":{"line":94,"column":8},"end":{"line":100,"column":9}},"66":{"start":{"line":95,"column":12},"end":{"line":95,"column":26}},"67":{"start":{"line":96,"column":15},"end":{"line":100,"column":9}},"68":{"start":{"line":97,"column":12},"end":{"line":97,"column":24}},"69":{"start":{"line":99,"column":12},"end":{"line":99,"column":32}},"70":{"start":{"line":105,"column":0},"end":{"line":122,"column":1}},"71":{"start":{"line":106,"column":4},"end":{"line":111,"column":5}},"72":{"start":{"line":107,"column":8},"end":{"line":107,"column":28}},"73":{"start":{"line":108,"column":8},"end":{"line":108,"column":46}},"74":{"start":{"line":109,"column":8},"end":{"line":109,"column":23}},"75":{"start":{"line":110,"column":8},"end":{"line":110,"column":27}},"76":{"start":{"line":112,"column":4},"end":{"line":114,"column":5}},"77":{"start":{"line":113,"column":8},"end":{"line":113,"column":21}},"78":{"start":{"line":115,"column":4},"end":{"line":121,"column":7}},"79":{"start":{"line":116,"column":8},"end":{"line":120,"column":9}},"80":{"start":{"line":117,"column":12},"end":{"line":117,"column":26}},"81":{"start":{"line":119,"column":12},"end":{"line":119,"column":32}},"82":{"start":{"line":124,"column":0},"end":{"line":135,"column":1}},"83":{"start":{"line":125,"column":4},"end":{"line":127,"column":5}},"84":{"start":{"line":126,"column":8},"end":{"line":126,"column":21}},"85":{"start":{"line":128,"column":4},"end":{"line":134,"column":7}},"86":{"start":{"line":129,"column":8},"end":{"line":133,"column":9}},"87":{"start":{"line":130,"column":12},"end":{"line":130,"column":26}},"88":{"start":{"line":132,"column":12},"end":{"line":132,"column":32}},"89":{"start":{"line":137,"column":0},"end":{"line":145,"column":1}},"90":{"start":{"line":138,"column":4},"end":{"line":144,"column":7}},"91":{"start":{"line":139,"column":8},"end":{"line":143,"column":9}},"92":{"start":{"line":140,"column":12},"end":{"line":140,"column":26}},"93":{"start":{"line":142,"column":12},"end":{"line":142,"column":33}},"94":{"start":{"line":149,"column":0},"end":{"line":156,"column":2}}},"branchMap":{"1":{"line":11,"type":"if","locations":[{"start":{"line":11,"column":4},"end":{"line":11,"column":4}},{"start":{"line":11,"column":4},"end":{"line":11,"column":4}}]},"2":{"line":18,"type":"if","locations":[{"start":{"line":18,"column":8},"end":{"line":18,"column":8}},{"start":{"line":18,"column":8},"end":{"line":18,"column":8}}]},"3":{"line":22,"type":"if","locations":[{"start":{"line":22,"column":13},"end":{"line":22,"column":13}},{"start":{"line":22,"column":13},"end":{"line":22,"column":13}}]},"4":{"line":30,"type":"if","locations":[{"start":{"line":30,"column":16},"end":{"line":30,"column":16}},{"start":{"line":30,"column":16},"end":{"line":30,"column":16}}]},"5":{"line":42,"type":"if","locations":[{"start":{"line":42,"column":4},"end":{"line":42,"column":4}},{"start":{"line":42,"column":4},"end":{"line":42,"column":4}}]},"6":{"line":49,"type":"if","locations":[{"start":{"line":49,"column":8},"end":{"line":49,"column":8}},{"start":{"line":49,"column":8},"end":{"line":49,"column":8}}]},"7":{"line":51,"type":"if","locations":[{"start":{"line":51,"column":15},"end":{"line":51,"column":15}},{"start":{"line":51,"column":15},"end":{"line":51,"column":15}}]},"8":{"line":66,"type":"if","locations":[{"start":{"line":66,"column":4},"end":{"line":66,"column":4}},{"start":{"line":66,"column":4},"end":{"line":66,"column":4}}]},"9":{"line":72,"type":"switch","locations":[{"start":{"line":73,"column":8},"end":{"line":81,"column":18}},{"start":{"line":82,"column":8},"end":{"line":90,"column":18}}]},"10":{"line":74,"type":"if","locations":[{"start":{"line":74,"column":12},"end":{"line":74,"column":12}},{"start":{"line":74,"column":12},"end":{"line":74,"column":12}}]},"11":{"line":83,"type":"if","locations":[{"start":{"line":83,"column":12},"end":{"line":83,"column":12}},{"start":{"line":83,"column":12},"end":{"line":83,"column":12}}]},"12":{"line":89,"type":"cond-expr","locations":[{"start":{"line":89,"column":44},"end":{"line":89,"column":70}},{"start":{"line":89,"column":73},"end":{"line":89,"column":98}}]},"13":{"line":94,"type":"if","locations":[{"start":{"line":94,"column":8},"end":{"line":94,"column":8}},{"start":{"line":94,"column":8},"end":{"line":94,"column":8}}]},"14":{"line":96,"type":"if","locations":[{"start":{"line":96,"column":15},"end":{"line":96,"column":15}},{"start":{"line":96,"column":15},"end":{"line":96,"column":15}}]},"15":{"line":106,"type":"if","locations":[{"start":{"line":106,"column":4},"end":{"line":106,"column":4}},{"start":{"line":106,"column":4},"end":{"line":106,"column":4}}]},"16":{"line":106,"type":"binary-expr","locations":[{"start":{"line":106,"column":8},"end":{"line":106,"column":13}},{"start":{"line":106,"column":17},"end":{"line":106,"column":32}}]},"17":{"line":112,"type":"if","locations":[{"start":{"line":112,"column":4},"end":{"line":112,"column":4}},{"start":{"line":112,"column":4},"end":{"line":112,"column":4}}]},"18":{"line":115,"type":"binary-expr","locations":[{"start":{"line":115,"column":47},"end":{"line":115,"column":52}},{"start":{"line":115,"column":56},"end":{"line":115,"column":58}}]},"19":{"line":116,"type":"if","locations":[{"start":{"line":116,"column":8},"end":{"line":116,"column":8}},{"start":{"line":116,"column":8},"end":{"line":116,"column":8}}]},"20":{"line":125,"type":"if","locations":[{"start":{"line":125,"column":4},"end":{"line":125,"column":4}},{"start":{"line":125,"column":4},"end":{"line":125,"column":4}}]},"21":{"line":128,"type":"binary-expr","locations":[{"start":{"line":128,"column":41},"end":{"line":128,"column":46}},{"start":{"line":128,"column":50},"end":{"line":128,"column":52}}]},"22":{"line":129,"type":"if","locations":[{"start":{"line":129,"column":8},"end":{"line":129,"column":8}},{"start":{"line":129,"column":8},"end":{"line":129,"column":8}}]},"23":{"line":139,"type":"if","locations":[{"start":{"line":139,"column":8},"end":{"line":139,"column":8}},{"start":{"line":139,"column":8},"end":{"line":139,"column":8}}]}}}}