{"/Users/jakobgaardandersen/WebstormProjects/hyber1z0r/server/app.js":{"path":"/Users/jakobgaardandersen/WebstormProjects/hyber1z0r/server/app.js","s":{"1":1,"2":1,"3":1,"4":1,"5":1,"6":1,"7":1,"8":1,"9":1,"10":1,"11":1,"12":1,"13":1,"14":1,"15":1,"16":1,"17":1,"18":1,"19":1,"20":1,"21":1,"22":1,"23":3,"24":3,"25":3,"26":1,"27":1,"28":10,"29":10,"30":1,"31":0,"32":0,"33":1},"b":{"1":[1,0],"2":[10,0],"3":[0,0]},"f":{"1":3,"2":10,"3":0},"fnMap":{"1":{"name":"(anonymous_1)","line":31,"loc":{"start":{"line":31,"column":8},"end":{"line":31,"column":34}}},"2":{"name":"(anonymous_2)","line":42,"loc":{"start":{"line":42,"column":12},"end":{"line":42,"column":43}}},"3":{"name":"(anonymous_3)","line":53,"loc":{"start":{"line":53,"column":8},"end":{"line":53,"column":39}}}},"statementMap":{"1":{"start":{"line":1,"column":0},"end":{"line":1,"column":33}},"2":{"start":{"line":2,"column":0},"end":{"line":2,"column":27}},"3":{"start":{"line":3,"column":0},"end":{"line":3,"column":39}},"4":{"start":{"line":4,"column":0},"end":{"line":4,"column":31}},"5":{"start":{"line":5,"column":0},"end":{"line":5,"column":44}},"6":{"start":{"line":6,"column":0},"end":{"line":6,"column":40}},"7":{"start":{"line":7,"column":0},"end":{"line":7,"column":22}},"8":{"start":{"line":8,"column":0},"end":{"line":8,"column":39}},"9":{"start":{"line":9,"column":0},"end":{"line":9,"column":36}},"10":{"start":{"line":11,"column":0},"end":{"line":11,"column":20}},"11":{"start":{"line":14,"column":0},"end":{"line":14,"column":48}},"12":{"start":{"line":15,"column":0},"end":{"line":15,"column":31}},"13":{"start":{"line":16,"column":0},"end":{"line":16,"column":25}},"14":{"start":{"line":20,"column":0},"end":{"line":20,"column":23}},"15":{"start":{"line":21,"column":0},"end":{"line":21,"column":27}},"16":{"start":{"line":22,"column":0},"end":{"line":22,"column":50}},"17":{"start":{"line":23,"column":0},"end":{"line":23,"column":24}},"18":{"start":{"line":24,"column":0},"end":{"line":24,"column":59}},"19":{"start":{"line":25,"column":0},"end":{"line":25,"column":63}},"20":{"start":{"line":27,"column":0},"end":{"line":27,"column":21}},"21":{"start":{"line":28,"column":0},"end":{"line":28,"column":22}},"22":{"start":{"line":31,"column":0},"end":{"line":35,"column":3}},"23":{"start":{"line":32,"column":4},"end":{"line":32,"column":37}},"24":{"start":{"line":33,"column":4},"end":{"line":33,"column":21}},"25":{"start":{"line":34,"column":4},"end":{"line":34,"column":14}},"26":{"start":{"line":41,"column":0},"end":{"line":49,"column":1}},"27":{"start":{"line":42,"column":4},"end":{"line":48,"column":7}},"28":{"start":{"line":43,"column":8},"end":{"line":43,"column":38}},"29":{"start":{"line":44,"column":8},"end":{"line":47,"column":11}},"30":{"start":{"line":53,"column":0},"end":{"line":59,"column":3}},"31":{"start":{"line":54,"column":4},"end":{"line":54,"column":34}},"32":{"start":{"line":55,"column":4},"end":{"line":58,"column":7}},"33":{"start":{"line":62,"column":0},"end":{"line":62,"column":21}}},"branchMap":{"1":{"line":41,"type":"if","locations":[{"start":{"line":41,"column":0},"end":{"line":41,"column":0}},{"start":{"line":41,"column":0},"end":{"line":41,"column":0}}]},"2":{"line":43,"type":"binary-expr","locations":[{"start":{"line":43,"column":19},"end":{"line":43,"column":29}},{"start":{"line":43,"column":33},"end":{"line":43,"column":36}}]},"3":{"line":54,"type":"binary-expr","locations":[{"start":{"line":54,"column":15},"end":{"line":54,"column":25}},{"start":{"line":54,"column":29},"end":{"line":54,"column":32}}]}}},"/Users/jakobgaardandersen/WebstormProjects/hyber1z0r/server/model/db.js":{"path":"/Users/jakobgaardandersen/WebstormProjects/hyber1z0r/server/model/db.js","s":{"1":1,"2":1,"3":1,"4":1,"5":1,"6":1,"7":1,"8":1,"9":1,"10":1,"11":0,"12":0,"13":1,"14":0,"15":1,"16":0,"17":0,"18":0,"19":1,"20":1,"21":1},"b":{"1":[1,0]},"f":{"1":1,"2":0,"3":0,"4":0,"5":0},"fnMap":{"1":{"name":"(anonymous_1)","line":13,"loc":{"start":{"line":13,"column":36},"end":{"line":13,"column":48}}},"2":{"name":"(anonymous_2)","line":17,"loc":{"start":{"line":17,"column":32},"end":{"line":17,"column":47}}},"3":{"name":"(anonymous_3)","line":22,"loc":{"start":{"line":22,"column":39},"end":{"line":22,"column":51}}},"4":{"name":"(anonymous_4)","line":26,"loc":{"start":{"line":26,"column":21},"end":{"line":26,"column":33}}},"5":{"name":"(anonymous_5)","line":27,"loc":{"start":{"line":27,"column":30},"end":{"line":27,"column":42}}}},"statementMap":{"1":{"start":{"line":1,"column":0},"end":{"line":1,"column":35}},"2":{"start":{"line":2,"column":0},"end":{"line":2,"column":53}},"3":{"start":{"line":3,"column":0},"end":{"line":3,"column":29}},"4":{"start":{"line":4,"column":0},"end":{"line":4,"column":44}},"5":{"start":{"line":7,"column":0},"end":{"line":9,"column":1}},"6":{"start":{"line":8,"column":4},"end":{"line":8,"column":33}},"7":{"start":{"line":11,"column":0},"end":{"line":11,"column":24}},"8":{"start":{"line":13,"column":0},"end":{"line":15,"column":3}},"9":{"start":{"line":14,"column":4},"end":{"line":14,"column":57}},"10":{"start":{"line":17,"column":0},"end":{"line":20,"column":3}},"11":{"start":{"line":18,"column":4},"end":{"line":18,"column":57}},"12":{"start":{"line":19,"column":4},"end":{"line":19,"column":53}},"13":{"start":{"line":22,"column":0},"end":{"line":24,"column":3}},"14":{"start":{"line":23,"column":4},"end":{"line":23,"column":41}},"15":{"start":{"line":26,"column":0},"end":{"line":31,"column":3}},"16":{"start":{"line":27,"column":4},"end":{"line":30,"column":7}},"17":{"start":{"line":28,"column":8},"end":{"line":28,"column":69}},"18":{"start":{"line":29,"column":8},"end":{"line":29,"column":24}},"19":{"start":{"line":34,"column":0},"end":{"line":43,"column":3}},"20":{"start":{"line":45,"column":0},"end":{"line":45,"column":37}},"21":{"start":{"line":47,"column":0},"end":{"line":47,"column":59}}},"branchMap":{"1":{"line":7,"type":"if","locations":[{"start":{"line":7,"column":0},"end":{"line":7,"column":0}},{"start":{"line":7,"column":0},"end":{"line":7,"column":0}}]}}},"/Users/jakobgaardandersen/WebstormProjects/hyber1z0r/server/routes/index.js":{"path":"/Users/jakobgaardandersen/WebstormProjects/hyber1z0r/server/routes/index.js","s":{"1":1,"2":1,"3":1,"4":0,"5":1},"b":{},"f":{"1":0},"fnMap":{"1":{"name":"(anonymous_1)","line":5,"loc":{"start":{"line":5,"column":16},"end":{"line":5,"column":36}}}},"statementMap":{"1":{"start":{"line":1,"column":0},"end":{"line":1,"column":33}},"2":{"start":{"line":2,"column":0},"end":{"line":2,"column":30}},"3":{"start":{"line":5,"column":0},"end":{"line":7,"column":3}},"4":{"start":{"line":6,"column":4},"end":{"line":6,"column":35}},"5":{"start":{"line":9,"column":0},"end":{"line":9,"column":24}}},"branchMap":{}},"/Users/jakobgaardandersen/WebstormProjects/hyber1z0r/server/routes/rest.js":{"path":"/Users/jakobgaardandersen/WebstormProjects/hyber1z0r/server/routes/rest.js","s":{"1":1,"2":1,"3":1,"4":1,"5":3,"6":3,"7":3,"8":2,"9":1,"10":1,"11":4,"12":4,"13":4,"14":2,"15":2,"16":1,"17":4,"18":4,"19":4,"20":1,"21":3,"22":1,"23":4,"24":4,"25":4,"26":1,"27":3,"28":1,"29":7,"30":7,"31":7,"32":7,"33":1,"34":6,"35":1,"36":2,"37":2,"38":2,"39":2,"40":0,"41":2,"42":1},"b":{"1":[2,1],"2":[2,2],"3":[1,3],"4":[1,3],"5":[1,6],"6":[0,2],"7":[0,2]},"f":{"1":3,"2":3,"3":4,"4":4,"5":4,"6":4,"7":4,"8":4,"9":7,"10":7,"11":2,"12":2},"fnMap":{"1":{"name":"(anonymous_1)","line":8,"loc":{"start":{"line":8,"column":29},"end":{"line":8,"column":55}}},"2":{"name":"(anonymous_2)","line":10,"loc":{"start":{"line":10,"column":32},"end":{"line":10,"column":58}}},"3":{"name":"(anonymous_3)","line":18,"loc":{"start":{"line":18,"column":31},"end":{"line":18,"column":57}}},"4":{"name":"(anonymous_4)","line":20,"loc":{"start":{"line":20,"column":38},"end":{"line":20,"column":65}}},"5":{"name":"(anonymous_5)","line":28,"loc":{"start":{"line":28,"column":25},"end":{"line":28,"column":51}}},"6":{"name":"(anonymous_6)","line":30,"loc":{"start":{"line":30,"column":41},"end":{"line":30,"column":68}}},"7":{"name":"(anonymous_7)","line":38,"loc":{"start":{"line":38,"column":29},"end":{"line":38,"column":55}}},"8":{"name":"(anonymous_8)","line":40,"loc":{"start":{"line":40,"column":51},"end":{"line":40,"column":78}}},"9":{"name":"(anonymous_9)","line":48,"loc":{"start":{"line":48,"column":35},"end":{"line":48,"column":61}}},"10":{"name":"(anonymous_10)","line":51,"loc":{"start":{"line":51,"column":38},"end":{"line":51,"column":65}}},"11":{"name":"(anonymous_11)","line":59,"loc":{"start":{"line":59,"column":29},"end":{"line":59,"column":55}}},"12":{"name":"(anonymous_12)","line":62,"loc":{"start":{"line":62,"column":32},"end":{"line":62,"column":59}}}},"statementMap":{"1":{"start":{"line":4,"column":0},"end":{"line":4,"column":33}},"2":{"start":{"line":5,"column":0},"end":{"line":5,"column":30}},"3":{"start":{"line":6,"column":0},"end":{"line":6,"column":48}},"4":{"start":{"line":8,"column":0},"end":{"line":16,"column":3}},"5":{"start":{"line":9,"column":4},"end":{"line":9,"column":27}},"6":{"start":{"line":10,"column":4},"end":{"line":15,"column":7}},"7":{"start":{"line":11,"column":8},"end":{"line":13,"column":9}},"8":{"start":{"line":12,"column":12},"end":{"line":12,"column":29}},"9":{"start":{"line":14,"column":8},"end":{"line":14,"column":28}},"10":{"start":{"line":18,"column":0},"end":{"line":26,"column":3}},"11":{"start":{"line":19,"column":4},"end":{"line":19,"column":43}},"12":{"start":{"line":20,"column":4},"end":{"line":25,"column":7}},"13":{"start":{"line":21,"column":8},"end":{"line":23,"column":9}},"14":{"start":{"line":22,"column":12},"end":{"line":22,"column":29}},"15":{"start":{"line":24,"column":8},"end":{"line":24,"column":29}},"16":{"start":{"line":28,"column":0},"end":{"line":36,"column":3}},"17":{"start":{"line":29,"column":4},"end":{"line":29,"column":41}},"18":{"start":{"line":30,"column":4},"end":{"line":35,"column":7}},"19":{"start":{"line":31,"column":8},"end":{"line":33,"column":9}},"20":{"start":{"line":32,"column":12},"end":{"line":32,"column":29}},"21":{"start":{"line":34,"column":8},"end":{"line":34,"column":29}},"22":{"start":{"line":38,"column":0},"end":{"line":46,"column":3}},"23":{"start":{"line":39,"column":4},"end":{"line":39,"column":47}},"24":{"start":{"line":40,"column":4},"end":{"line":45,"column":7}},"25":{"start":{"line":41,"column":8},"end":{"line":43,"column":9}},"26":{"start":{"line":42,"column":12},"end":{"line":42,"column":29}},"27":{"start":{"line":44,"column":8},"end":{"line":44,"column":29}},"28":{"start":{"line":48,"column":0},"end":{"line":57,"column":3}},"29":{"start":{"line":49,"column":4},"end":{"line":49,"column":31}},"30":{"start":{"line":50,"column":4},"end":{"line":50,"column":33}},"31":{"start":{"line":51,"column":4},"end":{"line":56,"column":7}},"32":{"start":{"line":52,"column":8},"end":{"line":54,"column":9}},"33":{"start":{"line":53,"column":12},"end":{"line":53,"column":29}},"34":{"start":{"line":55,"column":8},"end":{"line":55,"column":29}},"35":{"start":{"line":59,"column":0},"end":{"line":68,"column":3}},"36":{"start":{"line":60,"column":4},"end":{"line":60,"column":33}},"37":{"start":{"line":61,"column":4},"end":{"line":61,"column":39}},"38":{"start":{"line":62,"column":4},"end":{"line":67,"column":7}},"39":{"start":{"line":63,"column":8},"end":{"line":65,"column":9}},"40":{"start":{"line":64,"column":12},"end":{"line":64,"column":29}},"41":{"start":{"line":66,"column":8},"end":{"line":66,"column":29}},"42":{"start":{"line":70,"column":0},"end":{"line":70,"column":24}}},"branchMap":{"1":{"line":11,"type":"if","locations":[{"start":{"line":11,"column":8},"end":{"line":11,"column":8}},{"start":{"line":11,"column":8},"end":{"line":11,"column":8}}]},"2":{"line":21,"type":"if","locations":[{"start":{"line":21,"column":8},"end":{"line":21,"column":8}},{"start":{"line":21,"column":8},"end":{"line":21,"column":8}}]},"3":{"line":31,"type":"if","locations":[{"start":{"line":31,"column":8},"end":{"line":31,"column":8}},{"start":{"line":31,"column":8},"end":{"line":31,"column":8}}]},"4":{"line":41,"type":"if","locations":[{"start":{"line":41,"column":8},"end":{"line":41,"column":8}},{"start":{"line":41,"column":8},"end":{"line":41,"column":8}}]},"5":{"line":52,"type":"if","locations":[{"start":{"line":52,"column":8},"end":{"line":52,"column":8}},{"start":{"line":52,"column":8},"end":{"line":52,"column":8}}]},"6":{"line":61,"type":"cond-expr","locations":[{"start":{"line":61,"column":26},"end":{"line":61,"column":30}},{"start":{"line":61,"column":33},"end":{"line":61,"column":38}}]},"7":{"line":63,"type":"if","locations":[{"start":{"line":63,"column":8},"end":{"line":63,"column":8}},{"start":{"line":63,"column":8},"end":{"line":63,"column":8}}]}}},"/Users/jakobgaardandersen/WebstormProjects/hyber1z0r/server/model/datasource.js":{"path":"/Users/jakobgaardandersen/WebstormProjects/hyber1z0r/server/model/datasource.js","s":{"1":1,"2":1,"3":1,"4":1,"5":7,"6":1,"7":1,"8":1,"9":6,"10":6,"11":0,"12":0,"13":6,"14":2,"15":2,"16":2,"17":4,"18":4,"19":4,"20":0,"21":4,"22":1,"23":8,"24":8,"25":2,"26":2,"27":2,"28":6,"29":6,"30":0,"31":6,"32":2,"33":2,"34":2,"35":4,"36":1,"37":17,"38":17,"39":17,"40":1,"41":1,"42":1,"43":16,"44":8,"45":6,"46":9,"47":2,"48":8,"49":8,"50":8,"51":6,"52":9,"53":2,"54":8,"55":8,"56":16,"57":16,"58":16,"59":0,"60":16,"61":2,"62":14,"63":1,"64":12,"65":2,"66":2,"67":2,"68":10,"69":4,"70":10,"71":10,"72":0,"73":10,"74":1,"75":4,"76":1,"77":4,"78":4,"79":0,"80":4,"81":1},"b":{"1":[1,6],"2":[0,6],"3":[2,4],"4":[0,4],"5":[2,6],"6":[0,6],"7":[2,4],"8":[1,16],"9":[8,8],"10":[6,2],"11":[6,2],"12":[0,16],"13":[2,14],"14":[2,10],"15":[12,11],"16":[4,6],"17":[10,6],"18":[0,10],"19":[1,3],"20":[4,2],"21":[0,4]},"f":{"1":7,"2":6,"3":4,"4":8,"5":6,"6":17,"7":9,"8":9,"9":16,"10":12,"11":10,"12":4,"13":4},"fnMap":{"1":{"name":"getWallpaper","line":9,"loc":{"start":{"line":9,"column":0},"end":{"line":9,"column":36}}},"2":{"name":"(anonymous_2)","line":16,"loc":{"start":{"line":16,"column":27},"end":{"line":16,"column":46}}},"3":{"name":"(anonymous_3)","line":27,"loc":{"start":{"line":27,"column":20},"end":{"line":27,"column":35}}},"4":{"name":"getWpByRes","line":38,"loc":{"start":{"line":38,"column":0},"end":{"line":38,"column":35}}},"5":{"name":"(anonymous_5)","line":45,"loc":{"start":{"line":45,"column":65},"end":{"line":45,"column":85}}},"6":{"name":"searchField","line":59,"loc":{"start":{"line":59,"column":0},"end":{"line":59,"column":46}}},"7":{"name":"(anonymous_7)","line":70,"loc":{"start":{"line":70,"column":52},"end":{"line":70,"column":65}}},"8":{"name":"(anonymous_8)","line":78,"loc":{"start":{"line":78,"column":48},"end":{"line":78,"column":61}}},"9":{"name":"(anonymous_9)","line":86,"loc":{"start":{"line":86,"column":26},"end":{"line":86,"column":46}}},"10":{"name":"getSorted","line":98,"loc":{"start":{"line":98,"column":0},"end":{"line":98,"column":42}}},"11":{"name":"(anonymous_11)","line":107,"loc":{"start":{"line":107,"column":61},"end":{"line":107,"column":81}}},"12":{"name":"getRandom","line":116,"loc":{"start":{"line":116,"column":0},"end":{"line":116,"column":36}}},"13":{"name":"(anonymous_13)","line":120,"loc":{"start":{"line":120,"column":55},"end":{"line":120,"column":75}}}},"statementMap":{"1":{"start":{"line":4,"column":0},"end":{"line":4,"column":35}},"2":{"start":{"line":5,"column":0},"end":{"line":5,"column":44}},"3":{"start":{"line":6,"column":0},"end":{"line":6,"column":30}},"4":{"start":{"line":9,"column":0},"end":{"line":36,"column":1}},"5":{"start":{"line":11,"column":4},"end":{"line":15,"column":5}},"6":{"start":{"line":12,"column":8},"end":{"line":12,"column":53}},"7":{"start":{"line":13,"column":8},"end":{"line":13,"column":27}},"8":{"start":{"line":14,"column":8},"end":{"line":14,"column":31}},"9":{"start":{"line":16,"column":4},"end":{"line":35,"column":7}},"10":{"start":{"line":17,"column":8},"end":{"line":34,"column":9}},"11":{"start":{"line":18,"column":12},"end":{"line":18,"column":29}},"12":{"start":{"line":19,"column":12},"end":{"line":19,"column":26}},"13":{"start":{"line":21,"column":13},"end":{"line":34,"column":9}},"14":{"start":{"line":22,"column":12},"end":{"line":22,"column":56}},"15":{"start":{"line":23,"column":12},"end":{"line":23,"column":27}},"16":{"start":{"line":24,"column":12},"end":{"line":24,"column":24}},"17":{"start":{"line":26,"column":12},"end":{"line":26,"column":23}},"18":{"start":{"line":27,"column":12},"end":{"line":33,"column":15}},"19":{"start":{"line":28,"column":16},"end":{"line":32,"column":17}},"20":{"start":{"line":29,"column":20},"end":{"line":29,"column":34}},"21":{"start":{"line":31,"column":20},"end":{"line":31,"column":39}},"22":{"start":{"line":38,"column":0},"end":{"line":56,"column":1}},"23":{"start":{"line":39,"column":4},"end":{"line":39,"column":55}},"24":{"start":{"line":40,"column":4},"end":{"line":44,"column":5}},"25":{"start":{"line":41,"column":8},"end":{"line":41,"column":61}},"26":{"start":{"line":42,"column":8},"end":{"line":42,"column":23}},"27":{"start":{"line":43,"column":8},"end":{"line":43,"column":27}},"28":{"start":{"line":45,"column":4},"end":{"line":55,"column":7}},"29":{"start":{"line":46,"column":8},"end":{"line":54,"column":9}},"30":{"start":{"line":47,"column":12},"end":{"line":47,"column":26}},"31":{"start":{"line":48,"column":15},"end":{"line":54,"column":9}},"32":{"start":{"line":49,"column":12},"end":{"line":49,"column":64}},"33":{"start":{"line":50,"column":12},"end":{"line":50,"column":27}},"34":{"start":{"line":51,"column":12},"end":{"line":51,"column":24}},"35":{"start":{"line":53,"column":12},"end":{"line":53,"column":32}},"36":{"start":{"line":59,"column":0},"end":{"line":95,"column":1}},"37":{"start":{"line":60,"column":4},"end":{"line":60,"column":19}},"38":{"start":{"line":61,"column":4},"end":{"line":61,"column":10}},"39":{"start":{"line":62,"column":4},"end":{"line":66,"column":5}},"40":{"start":{"line":63,"column":8},"end":{"line":63,"column":55}},"41":{"start":{"line":64,"column":8},"end":{"line":64,"column":27}},"42":{"start":{"line":65,"column":8},"end":{"line":65,"column":31}},"43":{"start":{"line":67,"column":4},"end":{"line":84,"column":5}},"44":{"start":{"line":69,"column":12},"end":{"line":73,"column":13}},"45":{"start":{"line":70,"column":16},"end":{"line":70,"column":94}},"46":{"start":{"line":70,"column":66},"end":{"line":70,"column":89}},"47":{"start":{"line":72,"column":16},"end":{"line":72,"column":70}},"48":{"start":{"line":74,"column":12},"end":{"line":74,"column":58}},"49":{"start":{"line":75,"column":12},"end":{"line":75,"column":18}},"50":{"start":{"line":77,"column":12},"end":{"line":81,"column":13}},"51":{"start":{"line":78,"column":16},"end":{"line":78,"column":90}},"52":{"start":{"line":78,"column":62},"end":{"line":78,"column":85}},"53":{"start":{"line":80,"column":16},"end":{"line":80,"column":66}},"54":{"start":{"line":82,"column":12},"end":{"line":82,"column":56}},"55":{"start":{"line":83,"column":12},"end":{"line":83,"column":18}},"56":{"start":{"line":85,"column":4},"end":{"line":85,"column":19}},"57":{"start":{"line":86,"column":4},"end":{"line":94,"column":7}},"58":{"start":{"line":87,"column":8},"end":{"line":93,"column":9}},"59":{"start":{"line":88,"column":12},"end":{"line":88,"column":26}},"60":{"start":{"line":89,"column":15},"end":{"line":93,"column":9}},"61":{"start":{"line":90,"column":12},"end":{"line":90,"column":24}},"62":{"start":{"line":92,"column":12},"end":{"line":92,"column":32}},"63":{"start":{"line":98,"column":0},"end":{"line":114,"column":1}},"64":{"start":{"line":99,"column":4},"end":{"line":103,"column":5}},"65":{"start":{"line":100,"column":8},"end":{"line":100,"column":53}},"66":{"start":{"line":101,"column":8},"end":{"line":101,"column":23}},"67":{"start":{"line":102,"column":8},"end":{"line":102,"column":27}},"68":{"start":{"line":104,"column":4},"end":{"line":106,"column":5}},"69":{"start":{"line":105,"column":8},"end":{"line":105,"column":21}},"70":{"start":{"line":107,"column":4},"end":{"line":113,"column":7}},"71":{"start":{"line":108,"column":8},"end":{"line":112,"column":9}},"72":{"start":{"line":109,"column":12},"end":{"line":109,"column":26}},"73":{"start":{"line":111,"column":12},"end":{"line":111,"column":32}},"74":{"start":{"line":116,"column":0},"end":{"line":127,"column":1}},"75":{"start":{"line":117,"column":4},"end":{"line":119,"column":5}},"76":{"start":{"line":118,"column":8},"end":{"line":118,"column":21}},"77":{"start":{"line":120,"column":4},"end":{"line":126,"column":7}},"78":{"start":{"line":121,"column":8},"end":{"line":125,"column":9}},"79":{"start":{"line":122,"column":12},"end":{"line":122,"column":26}},"80":{"start":{"line":124,"column":12},"end":{"line":124,"column":32}},"81":{"start":{"line":131,"column":0},"end":{"line":137,"column":2}}},"branchMap":{"1":{"line":11,"type":"if","locations":[{"start":{"line":11,"column":4},"end":{"line":11,"column":4}},{"start":{"line":11,"column":4},"end":{"line":11,"column":4}}]},"2":{"line":17,"type":"if","locations":[{"start":{"line":17,"column":8},"end":{"line":17,"column":8}},{"start":{"line":17,"column":8},"end":{"line":17,"column":8}}]},"3":{"line":21,"type":"if","locations":[{"start":{"line":21,"column":13},"end":{"line":21,"column":13}},{"start":{"line":21,"column":13},"end":{"line":21,"column":13}}]},"4":{"line":28,"type":"if","locations":[{"start":{"line":28,"column":16},"end":{"line":28,"column":16}},{"start":{"line":28,"column":16},"end":{"line":28,"column":16}}]},"5":{"line":40,"type":"if","locations":[{"start":{"line":40,"column":4},"end":{"line":40,"column":4}},{"start":{"line":40,"column":4},"end":{"line":40,"column":4}}]},"6":{"line":46,"type":"if","locations":[{"start":{"line":46,"column":8},"end":{"line":46,"column":8}},{"start":{"line":46,"column":8},"end":{"line":46,"column":8}}]},"7":{"line":48,"type":"if","locations":[{"start":{"line":48,"column":15},"end":{"line":48,"column":15}},{"start":{"line":48,"column":15},"end":{"line":48,"column":15}}]},"8":{"line":62,"type":"if","locations":[{"start":{"line":62,"column":4},"end":{"line":62,"column":4}},{"start":{"line":62,"column":4},"end":{"line":62,"column":4}}]},"9":{"line":67,"type":"switch","locations":[{"start":{"line":68,"column":8},"end":{"line":75,"column":18}},{"start":{"line":76,"column":8},"end":{"line":83,"column":18}}]},"10":{"line":69,"type":"if","locations":[{"start":{"line":69,"column":12},"end":{"line":69,"column":12}},{"start":{"line":69,"column":12},"end":{"line":69,"column":12}}]},"11":{"line":77,"type":"if","locations":[{"start":{"line":77,"column":12},"end":{"line":77,"column":12}},{"start":{"line":77,"column":12},"end":{"line":77,"column":12}}]},"12":{"line":87,"type":"if","locations":[{"start":{"line":87,"column":8},"end":{"line":87,"column":8}},{"start":{"line":87,"column":8},"end":{"line":87,"column":8}}]},"13":{"line":89,"type":"if","locations":[{"start":{"line":89,"column":15},"end":{"line":89,"column":15}},{"start":{"line":89,"column":15},"end":{"line":89,"column":15}}]},"14":{"line":99,"type":"if","locations":[{"start":{"line":99,"column":4},"end":{"line":99,"column":4}},{"start":{"line":99,"column":4},"end":{"line":99,"column":4}}]},"15":{"line":99,"type":"binary-expr","locations":[{"start":{"line":99,"column":8},"end":{"line":99,"column":13}},{"start":{"line":99,"column":17},"end":{"line":99,"column":32}}]},"16":{"line":104,"type":"if","locations":[{"start":{"line":104,"column":4},"end":{"line":104,"column":4}},{"start":{"line":104,"column":4},"end":{"line":104,"column":4}}]},"17":{"line":107,"type":"binary-expr","locations":[{"start":{"line":107,"column":47},"end":{"line":107,"column":52}},{"start":{"line":107,"column":56},"end":{"line":107,"column":58}}]},"18":{"line":108,"type":"if","locations":[{"start":{"line":108,"column":8},"end":{"line":108,"column":8}},{"start":{"line":108,"column":8},"end":{"line":108,"column":8}}]},"19":{"line":117,"type":"if","locations":[{"start":{"line":117,"column":4},"end":{"line":117,"column":4}},{"start":{"line":117,"column":4},"end":{"line":117,"column":4}}]},"20":{"line":120,"type":"binary-expr","locations":[{"start":{"line":120,"column":41},"end":{"line":120,"column":46}},{"start":{"line":120,"column":50},"end":{"line":120,"column":52}}]},"21":{"line":121,"type":"if","locations":[{"start":{"line":121,"column":8},"end":{"line":121,"column":8}},{"start":{"line":121,"column":8},"end":{"line":121,"column":8}}]}}}}