TN:
SF:/Users/jakobgaardandersen/WebstormProjects/hyber1z0r/server/app.js
FN:31,(anonymous_1)
FN:42,(anonymous_2)
FN:53,(anonymous_3)
FNF:3
FNH:2
FNDA:3,(anonymous_1)
FNDA:10,(anonymous_2)
FNDA:0,(anonymous_3)
DA:1,1
DA:2,1
DA:3,1
DA:4,1
DA:5,1
DA:6,1
DA:7,1
DA:8,1
DA:9,1
DA:11,1
DA:14,1
DA:15,1
DA:16,1
DA:20,1
DA:21,1
DA:22,1
DA:23,1
DA:24,1
DA:25,1
DA:27,1
DA:28,1
DA:31,1
DA:32,3
DA:33,3
DA:34,3
DA:41,1
DA:42,1
DA:43,10
DA:44,10
DA:53,1
DA:54,0
DA:55,0
DA:62,1
LF:33
LH:31
BRDA:41,1,0,1
BRDA:41,1,1,0
BRDA:43,2,0,10
BRDA:43,2,1,0
BRDA:54,3,0,0
BRDA:54,3,1,0
BRF:6
BRH:2
end_of_record
TN:
SF:/Users/jakobgaardandersen/WebstormProjects/hyber1z0r/server/model/db.js
FN:13,(anonymous_1)
FN:17,(anonymous_2)
FN:22,(anonymous_3)
FN:26,(anonymous_4)
FN:27,(anonymous_5)
FNF:5
FNH:1
FNDA:1,(anonymous_1)
FNDA:0,(anonymous_2)
FNDA:0,(anonymous_3)
FNDA:0,(anonymous_4)
FNDA:0,(anonymous_5)
DA:1,1
DA:2,1
DA:3,1
DA:4,1
DA:7,1
DA:8,1
DA:11,1
DA:13,1
DA:14,1
DA:17,1
DA:18,0
DA:19,0
DA:22,1
DA:23,0
DA:26,1
DA:27,0
DA:28,0
DA:29,0
DA:34,1
DA:45,1
DA:47,1
LF:21
LH:15
BRDA:7,1,0,1
BRDA:7,1,1,0
BRF:2
BRH:1
end_of_record
TN:
SF:/Users/jakobgaardandersen/WebstormProjects/hyber1z0r/server/routes/index.js
FN:5,(anonymous_1)
FNF:1
FNH:0
FNDA:0,(anonymous_1)
DA:1,1
DA:2,1
DA:5,1
DA:6,0
DA:9,1
LF:5
LH:4
BRF:0
BRH:0
end_of_record
TN:
SF:/Users/jakobgaardandersen/WebstormProjects/hyber1z0r/server/routes/rest.js
FN:8,(anonymous_1)
FN:10,(anonymous_2)
FN:18,(anonymous_3)
FN:20,(anonymous_4)
FN:28,(anonymous_5)
FN:30,(anonymous_6)
FN:38,(anonymous_7)
FN:40,(anonymous_8)
FN:48,(anonymous_9)
FN:51,(anonymous_10)
FN:59,(anonymous_11)
FN:62,(anonymous_12)
FNF:12
FNH:10
FNDA:3,(anonymous_1)
FNDA:3,(anonymous_2)
FNDA:4,(anonymous_3)
FNDA:4,(anonymous_4)
FNDA:4,(anonymous_5)
FNDA:4,(anonymous_6)
FNDA:4,(anonymous_7)
FNDA:4,(anonymous_8)
FNDA:7,(anonymous_9)
FNDA:7,(anonymous_10)
FNDA:0,(anonymous_11)
FNDA:0,(anonymous_12)
DA:4,1
DA:5,1
DA:6,1
DA:8,1
DA:9,3
DA:10,3
DA:11,3
DA:12,2
DA:14,1
DA:18,1
DA:19,4
DA:20,4
DA:21,4
DA:22,2
DA:24,2
DA:28,1
DA:29,4
DA:30,4
DA:31,4
DA:32,1
DA:34,3
DA:38,1
DA:39,4
DA:40,4
DA:41,4
DA:42,1
DA:44,3
DA:48,1
DA:49,7
DA:50,7
DA:51,7
DA:52,7
DA:53,1
DA:55,6
DA:59,1
DA:60,0
DA:61,0
DA:62,0
DA:63,0
DA:64,0
DA:66,0
DA:70,1
LF:42
LH:36
BRDA:11,1,0,2
BRDA:11,1,1,1
BRDA:21,2,0,2
BRDA:21,2,1,2
BRDA:31,3,0,1
BRDA:31,3,1,3
BRDA:41,4,0,1
BRDA:41,4,1,3
BRDA:52,5,0,1
BRDA:52,5,1,6
BRDA:61,6,0,0
BRDA:61,6,1,0
BRDA:63,7,0,0
BRDA:63,7,1,0
BRF:14
BRH:10
end_of_record
TN:
SF:/Users/jakobgaardandersen/WebstormProjects/hyber1z0r/server/model/datasource.js
FN:9,getWallpaper
FN:16,(anonymous_2)
FN:27,(anonymous_3)
FN:38,getWpByRes
FN:45,(anonymous_5)
FN:59,searchField
FN:70,(anonymous_7)
FN:78,(anonymous_8)
FN:86,(anonymous_9)
FN:98,getSorted
FN:107,(anonymous_11)
FN:116,getRandom
FN:117,(anonymous_13)
FNF:13
FNH:13
FNDA:7,getWallpaper
FNDA:6,(anonymous_2)
FNDA:4,(anonymous_3)
FNDA:8,getWpByRes
FNDA:6,(anonymous_5)
FNDA:17,searchField
FNDA:9,(anonymous_7)
FNDA:9,(anonymous_8)
FNDA:16,(anonymous_9)
FNDA:12,getSorted
FNDA:10,(anonymous_11)
FNDA:2,getRandom
FNDA:2,(anonymous_13)
DA:4,1
DA:5,1
DA:6,1
DA:9,1
DA:11,7
DA:12,1
DA:13,1
DA:14,1
DA:16,6
DA:17,6
DA:18,0
DA:19,0
DA:21,6
DA:22,2
DA:23,2
DA:24,2
DA:26,4
DA:27,4
DA:28,4
DA:29,0
DA:31,4
DA:38,1
DA:39,8
DA:40,8
DA:41,2
DA:42,2
DA:43,2
DA:45,6
DA:46,6
DA:47,0
DA:48,6
DA:49,2
DA:50,2
DA:51,2
DA:53,4
DA:59,1
DA:60,17
DA:61,17
DA:62,17
DA:63,1
DA:64,1
DA:65,1
DA:67,16
DA:69,8
DA:70,9
DA:72,2
DA:74,8
DA:75,8
DA:77,8
DA:78,9
DA:80,2
DA:82,8
DA:83,8
DA:85,16
DA:86,16
DA:87,16
DA:88,0
DA:89,16
DA:90,2
DA:92,14
DA:98,1
DA:99,12
DA:100,2
DA:101,2
DA:102,2
DA:104,10
DA:105,4
DA:107,10
DA:108,10
DA:109,0
DA:111,10
DA:116,1
DA:117,2
DA:118,2
DA:119,0
DA:121,2
DA:128,1
LF:77
LH:70
BRDA:11,1,0,1
BRDA:11,1,1,6
BRDA:17,2,0,0
BRDA:17,2,1,6
BRDA:21,3,0,2
BRDA:21,3,1,4
BRDA:28,4,0,0
BRDA:28,4,1,4
BRDA:40,5,0,2
BRDA:40,5,1,6
BRDA:46,6,0,0
BRDA:46,6,1,6
BRDA:48,7,0,2
BRDA:48,7,1,4
BRDA:62,8,0,1
BRDA:62,8,1,16
BRDA:67,9,0,8
BRDA:67,9,1,8
BRDA:69,10,0,6
BRDA:69,10,1,2
BRDA:77,11,0,6
BRDA:77,11,1,2
BRDA:87,12,0,0
BRDA:87,12,1,16
BRDA:89,13,0,2
BRDA:89,13,1,14
BRDA:99,14,0,2
BRDA:99,14,1,10
BRDA:99,15,0,12
BRDA:99,15,1,11
BRDA:104,16,0,4
BRDA:104,16,1,6
BRDA:107,17,0,10
BRDA:107,17,1,6
BRDA:108,18,0,0
BRDA:108,18,1,10
BRDA:117,19,0,2
BRDA:117,19,1,1
BRDA:118,20,0,0
BRDA:118,20,1,2
BRF:40
BRH:34
end_of_record
