TN:
SF:/Users/jakobgaardandersen/WebstormProjects/hyber1z0r/server/app.js
FN:31,(anonymous_1)
FN:42,(anonymous_2)
FN:53,(anonymous_3)
FNF:3
FNH:2
FNDA:1,(anonymous_1)
FNDA:9,(anonymous_2)
FNDA:0,(anonymous_3)
DA:1,1
DA:2,1
DA:3,1
DA:4,1
DA:5,1
DA:6,1
DA:7,1
DA:8,1
DA:9,1
DA:11,1
DA:14,1
DA:15,1
DA:16,1
DA:20,1
DA:21,1
DA:22,1
DA:23,1
DA:24,1
DA:25,1
DA:27,1
DA:28,1
DA:31,1
DA:32,1
DA:33,1
DA:34,1
DA:41,1
DA:42,1
DA:43,9
DA:44,9
DA:53,1
DA:54,0
DA:55,0
DA:62,1
LF:33
LH:31
BRDA:41,1,0,1
BRDA:41,1,1,0
BRDA:43,2,0,9
BRDA:43,2,1,0
BRDA:54,3,0,0
BRDA:54,3,1,0
BRF:6
BRH:2
end_of_record
TN:
SF:/Users/jakobgaardandersen/WebstormProjects/hyber1z0r/server/model/db.js
FN:12,(anonymous_1)
FN:16,(anonymous_2)
FN:21,(anonymous_3)
FN:25,(anonymous_4)
FN:26,(anonymous_5)
FNF:5
FNH:1
FNDA:1,(anonymous_1)
FNDA:0,(anonymous_2)
FNDA:0,(anonymous_3)
FNDA:0,(anonymous_4)
FNDA:0,(anonymous_5)
DA:1,1
DA:2,1
DA:3,1
DA:6,1
DA:7,1
DA:10,1
DA:12,1
DA:13,1
DA:16,1
DA:17,0
DA:18,0
DA:21,1
DA:22,0
DA:25,1
DA:26,0
DA:27,0
DA:28,0
DA:33,1
DA:43,1
LF:19
LH:13
BRDA:6,1,0,1
BRDA:6,1,1,0
BRF:2
BRH:1
end_of_record
TN:
SF:/Users/jakobgaardandersen/WebstormProjects/hyber1z0r/server/routes/index.js
FN:5,(anonymous_1)
FN:10,(anonymous_2)
FNF:2
FNH:0
FNDA:0,(anonymous_1)
FNDA:0,(anonymous_2)
DA:1,1
DA:2,1
DA:5,1
DA:6,0
DA:10,1
DA:11,0
DA:12,0
DA:15,1
LF:8
LH:5
BRF:0
BRH:0
end_of_record
TN:
SF:/Users/jakobgaardandersen/WebstormProjects/hyber1z0r/server/routes/rest.js
FN:8,(anonymous_1)
FN:10,(anonymous_2)
FN:18,(anonymous_3)
FN:20,(anonymous_4)
FN:28,(anonymous_5)
FN:30,(anonymous_6)
FN:38,(anonymous_7)
FN:40,(anonymous_8)
FN:48,(anonymous_9)
FN:51,(anonymous_10)
FNF:10
FNH:10
FNDA:5,(anonymous_1)
FNDA:5,(anonymous_2)
FNDA:4,(anonymous_3)
FNDA:4,(anonymous_4)
FNDA:4,(anonymous_5)
FNDA:4,(anonymous_6)
FNDA:4,(anonymous_7)
FNDA:4,(anonymous_8)
FNDA:6,(anonymous_9)
FNDA:6,(anonymous_10)
DA:4,1
DA:5,1
DA:6,1
DA:8,1
DA:9,5
DA:10,5
DA:11,5
DA:12,4
DA:14,1
DA:18,1
DA:19,4
DA:20,4
DA:21,4
DA:22,2
DA:24,2
DA:28,1
DA:29,4
DA:30,4
DA:31,4
DA:32,1
DA:34,3
DA:38,1
DA:39,4
DA:40,4
DA:41,4
DA:42,1
DA:44,3
DA:48,1
DA:49,6
DA:50,6
DA:51,6
DA:52,6
DA:53,0
DA:55,6
DA:59,1
LF:35
LH:34
BRDA:11,1,0,4
BRDA:11,1,1,1
BRDA:21,2,0,2
BRDA:21,2,1,2
BRDA:31,3,0,1
BRDA:31,3,1,3
BRDA:41,4,0,1
BRDA:41,4,1,3
BRDA:52,5,0,0
BRDA:52,5,1,6
BRF:10
BRH:9
end_of_record
TN:
SF:/Users/jakobgaardandersen/WebstormProjects/hyber1z0r/server/model/datasource.js
FN:9,getWallpaper
FN:16,(anonymous_2)
FN:27,(anonymous_3)
FN:38,getWpByRes
FN:45,(anonymous_5)
FN:58,searchTags
FN:59,(anonymous_7)
FN:75,(anonymous_8)
FN:85,searchCategory
FN:86,(anonymous_10)
FN:102,(anonymous_11)
FN:113,getSorted
FN:114,(anonymous_13)
FNF:13
FNH:13
FNDA:9,getWallpaper
FNDA:6,(anonymous_2)
FNDA:4,(anonymous_3)
FNDA:8,getWpByRes
FNDA:6,(anonymous_5)
FNDA:8,searchTags
FNDA:8,(anonymous_7)
FNDA:9,(anonymous_8)
FNDA:8,searchCategory
FNDA:8,(anonymous_10)
FNDA:9,(anonymous_11)
FNDA:10,getSorted
FNDA:10,(anonymous_13)
DA:4,1
DA:5,1
DA:6,1
DA:9,1
DA:11,9
DA:12,3
DA:13,3
DA:14,3
DA:16,6
DA:17,6
DA:18,0
DA:19,0
DA:21,6
DA:22,2
DA:23,2
DA:24,2
DA:26,4
DA:27,4
DA:28,4
DA:29,0
DA:31,4
DA:38,1
DA:39,8
DA:40,8
DA:41,2
DA:42,2
DA:43,2
DA:45,6
DA:46,6
DA:47,0
DA:48,6
DA:49,2
DA:50,2
DA:51,2
DA:53,4
DA:58,1
DA:59,8
DA:60,8
DA:61,0
DA:62,8
DA:63,1
DA:64,1
DA:65,1
DA:67,7
DA:72,8
DA:73,6
DA:76,9
DA:81,2
DA:85,1
DA:86,8
DA:87,8
DA:88,0
DA:89,8
DA:90,1
DA:91,1
DA:92,1
DA:94,7
DA:99,8
DA:100,6
DA:103,9
DA:108,2
DA:113,1
DA:114,10
DA:115,10
DA:116,0
DA:118,10
DA:125,1
LF:67
LH:60
BRDA:11,1,0,3
BRDA:11,1,1,6
BRDA:17,2,0,0
BRDA:17,2,1,6
BRDA:21,3,0,2
BRDA:21,3,1,4
BRDA:28,4,0,0
BRDA:28,4,1,4
BRDA:40,5,0,2
BRDA:40,5,1,6
BRDA:46,6,0,0
BRDA:46,6,1,6
BRDA:48,7,0,2
BRDA:48,7,1,4
BRDA:60,8,0,0
BRDA:60,8,1,8
BRDA:62,9,0,1
BRDA:62,9,1,7
BRDA:72,10,0,6
BRDA:72,10,1,2
BRDA:87,11,0,0
BRDA:87,11,1,8
BRDA:89,12,0,1
BRDA:89,12,1,7
BRDA:99,13,0,6
BRDA:99,13,1,2
BRDA:114,14,0,10
BRDA:114,14,1,2
BRDA:115,15,0,0
BRDA:115,15,1,10
BRF:30
BRH:24
end_of_record
